==8775== Memcheck, a memory error detector
==8775== Copyright (C) 2002-2013, and GNU GPL'd, by Julian Seward et al.
==8775== Using Valgrind-3.10.1 and LibVEX; rerun with -h for copyright info
==8775== Command: ./treetraversalandbalancing
==8775== Parent PID: 4722
==8775== 
--8775-- 
--8775-- Valgrind options:
--8775--    --tool=memcheck
--8775--    --leak-check=yes
--8775--    --log-file=logfile.out
--8775--    -v
--8775-- Contents of /proc/version:
--8775--   Linux version 3.13.0-73-generic (buildd@lgw01-13) (gcc version 4.8.2 (Ubuntu 4.8.2-19ubuntu1) ) #116-Ubuntu SMP Fri Dec 4 15:31:30 UTC 2015
--8775-- Arch and hwcaps: AMD64, LittleEndian, amd64-cx16-lzcnt-rdtscp-sse3
--8775-- Page sizes: currently 4096, max supported 4096
--8775-- Valgrind library directory: /usr/lib/valgrind
--8775-- Reading syms from /home/super0/Dropbox/Private-Non-Public/Current Classes/CSC17C/Hmwk/TreeTraversalAndBalancing/dist/Debug/GNU-Linux-x86/treetraversalandbalancing
--8775-- Reading syms from /lib/x86_64-linux-gnu/ld-2.19.so
--8775--   Considering /lib/x86_64-linux-gnu/ld-2.19.so ..
--8775--   .. CRC mismatch (computed 4cbae35e wanted 8d683c31)
--8775--   Considering /usr/lib/debug/lib/x86_64-linux-gnu/ld-2.19.so ..
--8775--   .. CRC is valid
--8775-- Reading syms from /usr/lib/valgrind/memcheck-amd64-linux
--8775--   Considering /usr/lib/valgrind/memcheck-amd64-linux ..
--8775--   .. CRC mismatch (computed 4f1eed43 wanted a323a3ab)
--8775--    object doesn't have a symbol table
--8775--    object doesn't have a dynamic symbol table
--8775-- Scheduler: using generic scheduler lock implementation.
--8775-- Reading suppressions file: /usr/lib/valgrind/default.supp
==8775== embedded gdbserver: reading from /tmp/vgdb-pipe-from-vgdb-to-8775-by-super0-on-???
==8775== embedded gdbserver: writing to   /tmp/vgdb-pipe-to-vgdb-from-8775-by-super0-on-???
==8775== embedded gdbserver: shared mem   /tmp/vgdb-pipe-shared-mem-vgdb-8775-by-super0-on-???
==8775== 
==8775== TO CONTROL THIS PROCESS USING vgdb (which you probably
==8775== don't want to do, unless you know exactly what you're doing,
==8775== or are doing some strange experiment):
==8775==   /usr/lib/valgrind/../../bin/vgdb --pid=8775 ...command...
==8775== 
==8775== TO DEBUG THIS PROCESS USING GDB: start GDB like this
==8775==   /path/to/gdb ./treetraversalandbalancing
==8775== and then give GDB the following command
==8775==   target remote | /usr/lib/valgrind/../../bin/vgdb --pid=8775
==8775== --pid is optional if only one valgrind process is running
==8775== 
--8775-- REDIR: 0x4019ca0 (ld-linux-x86-64.so.2:strlen) redirected to 0x380764b1 (???)
--8775-- Reading syms from /usr/lib/valgrind/vgpreload_core-amd64-linux.so
--8775--   Considering /usr/lib/valgrind/vgpreload_core-amd64-linux.so ..
--8775--   .. CRC mismatch (computed fc68135e wanted 45f5e986)
--8775--    object doesn't have a symbol table
--8775-- Reading syms from /usr/lib/valgrind/vgpreload_memcheck-amd64-linux.so
--8775--   Considering /usr/lib/valgrind/vgpreload_memcheck-amd64-linux.so ..
--8775--   .. CRC mismatch (computed ae683f7e wanted 08c06df2)
--8775--    object doesn't have a symbol table
==8775== WARNING: new redirection conflicts with existing -- ignoring it
--8775--     old: 0x04019ca0 (strlen              ) R-> (0000.0) 0x380764b1 ???
--8775--     new: 0x04019ca0 (strlen              ) R-> (2007.0) 0x04c2e1a0 strlen
--8775-- REDIR: 0x4019a50 (ld-linux-x86-64.so.2:index) redirected to 0x4c2dd50 (index)
--8775-- REDIR: 0x4019c70 (ld-linux-x86-64.so.2:strcmp) redirected to 0x4c2f2f0 (strcmp)
--8775-- REDIR: 0x401a9c0 (ld-linux-x86-64.so.2:mempcpy) redirected to 0x4c31da0 (mempcpy)
--8775-- Reading syms from /usr/lib/x86_64-linux-gnu/libstdc++.so.6.0.19
--8775--   Considering /usr/lib/x86_64-linux-gnu/libstdc++.so.6.0.19 ..
--8775--   .. CRC mismatch (computed 0df13638 wanted 88e81a42)
--8775--    object doesn't have a symbol table
--8775-- Reading syms from /lib/x86_64-linux-gnu/libgcc_s.so.1
--8775--   Considering /lib/x86_64-linux-gnu/libgcc_s.so.1 ..
--8775--   .. CRC mismatch (computed ea519b66 wanted 0c00ddb3)
--8775--    object doesn't have a symbol table
--8775-- Reading syms from /lib/x86_64-linux-gnu/libc-2.19.so
--8775--   Considering /lib/x86_64-linux-gnu/libc-2.19.so ..
--8775--   .. CRC mismatch (computed dc620abc wanted 148cbd6e)
--8775--   Considering /usr/lib/debug/lib/x86_64-linux-gnu/libc-2.19.so ..
--8775--   .. CRC is valid
--8775-- Reading syms from /lib/x86_64-linux-gnu/libm-2.19.so
--8775--   Considering /lib/x86_64-linux-gnu/libm-2.19.so ..
--8775--   .. CRC mismatch (computed a46ef660 wanted 767bfa33)
--8775--   Considering /usr/lib/debug/lib/x86_64-linux-gnu/libm-2.19.so ..
--8775--   .. CRC is valid
--8775-- REDIR: 0x53ddd60 (libc.so.6:strcasecmp) redirected to 0x4a25720 (_vgnU_ifunc_wrapper)
--8775-- REDIR: 0x53e0050 (libc.so.6:strncasecmp) redirected to 0x4a25720 (_vgnU_ifunc_wrapper)
--8775-- REDIR: 0x53dd530 (libc.so.6:memcpy@GLIBC_2.2.5) redirected to 0x4a25720 (_vgnU_ifunc_wrapper)
--8775-- REDIR: 0x53db7c0 (libc.so.6:rindex) redirected to 0x4c2da30 (rindex)
--8775-- REDIR: 0x53d9ac0 (libc.so.6:strlen) redirected to 0x4c2e0e0 (strlen)
--8775-- REDIR: 0x53dcfa0 (libc.so.6:__GI_memcmp) redirected to 0x4c30b80 (__GI_memcmp)
--8775-- REDIR: 0x53d8070 (libc.so.6:strcmp) redirected to 0x4a25720 (_vgnU_ifunc_wrapper)
--8775-- REDIR: 0x53e8d20 (libc.so.6:__strcmp_sse2_unaligned) redirected to 0x4c2f1b0 (strcmp)
--8775-- REDIR: 0x4e95d90 (libstdc++.so.6:operator new(unsigned long)) redirected to 0x4c2b070 (operator new(unsigned long))
--8775-- REDIR: 0x53e2730 (libc.so.6:memcpy@@GLIBC_2.14) redirected to 0x4a25720 (_vgnU_ifunc_wrapper)
--8775-- REDIR: 0x53e8fd0 (libc.so.6:__memcpy_sse2_unaligned) redirected to 0x4c2f6b0 (memcpy@@GLIBC_2.14)
--8775-- REDIR: 0x53dcf60 (libc.so.6:bcmp) redirected to 0x4a25720 (_vgnU_ifunc_wrapper)
--8775-- REDIR: 0x54b1060 (libc.so.6:__memcmp_sse4_1) redirected to 0x4c30c00 (__memcmp_sse4_1)
--8775-- REDIR: 0x4e940f0 (libstdc++.so.6:operator delete(void*)) redirected to 0x4c2c250 (operator delete(void*))
--8775-- REDIR: 0x53d3df0 (libc.so.6:free) redirected to 0x4c2bd80 (free)
==8775== 
==8775== HEAP SUMMARY:
==8775==     in use at exit: 0 bytes in 0 blocks
==8775==   total heap usage: 12 allocs, 12 frees, 350 bytes allocated
==8775== 
==8775== All heap blocks were freed -- no leaks are possible
==8775== 
==8775== ERROR SUMMARY: 0 errors from 0 contexts (suppressed: 0 from 0)
==8775== ERROR SUMMARY: 0 errors from 0 contexts (suppressed: 0 from 0)
